<?xml version="1.0" encoding="UTF-8"?>
<testsuite name="com.example.navigator.impl.AppNavigatorTest" tests="7" skipped="0" failures="2" errors="0" timestamp="2025-12-25T02:35:33.944Z" hostname="Redmi-Note-9-Pro-Max.mirage1furnishednew" time="0.834">
  <properties/>
  <testcase name="different routes are not deduped" classname="com.example.navigator.impl.AppNavigatorTest" time="0.796"/>
  <testcase name="same route after dedupe window goes through" classname="com.example.navigator.impl.AppNavigatorTest" time="0.018">
    <failure message="java.lang.AssertionError: Verification failed: call 1 of 1: Router(#12).dispatch(any(), any())). One matching call found, but needs at least 2 and at most 2 calls&#10;Call: Router(#12).dispatch(NavCommand(id=ea5e691d, route=Home, source=source, timestampMs=1766630134742), continuation {})&#10;Stack trace:&#10;                                                           io.mockk.impl.InternalPlatform.captureStackTrace                            (InternalPlatform.kt:125)                    &#10;                                                             io.mockk.impl.stub.MockKStub.handleInvocation                             (MockKStub.kt:253)                           &#10;                           io.mockk.impl.instantiation.JvmMockFactoryHelper$mockHandler$1.invocation                                   (JvmMockFactoryHelper.kt:24)                 &#10;                                                    io.mockk.proxy.jvm.advice.Interceptor.call                                         (Interceptor.kt:21)                          &#10;                                                        com.example.navigator.impl.Router.dispatch                                     (Router.kt:28)                               &#10;                                                com.example.navigator.impl.AppNavigator$1.invokeSuspend                                (AppNavigator.kt:37)                         &#10;                                      kotlin.coroutines.jvm.internal.BaseContinuationImpl.resumeWith                                   (ContinuationImpl.kt:33)                     &#10;                                                      kotlinx.coroutines.DispatchedTaskKt.resume                                       (DispatchedTask.kt:221)                      &#10;                                                      kotlinx.coroutines.DispatchedTaskKt.resumeUnconfined                             (DispatchedTask.kt:177)                      &#10;                                                      kotlinx.coroutines.DispatchedTaskKt.dispatch                                     (DispatchedTask.kt:149)                      &#10;                                           kotlinx.coroutines.CancellableContinuationImpl.dispatchResume                               (CancellableContinuationImpl.kt:470)         &#10;                                           kotlinx.coroutines.CancellableContinuationImpl.completeResume                               (CancellableContinuationImpl.kt:591)         &#10;                                            kotlinx.coroutines.channels.BufferedChannelKt.tryResume0                                   (BufferedChannel.kt:2957)                    &#10;                                            kotlinx.coroutines.channels.BufferedChannelKt.access$tryResume0                            (BufferedChannel.kt:1)                       &#10;                      kotlinx.coroutines.channels.BufferedChannel$BufferedChannelIterator.tryResumeHasNext                             (BufferedChannel.kt:1719)                    &#10;                                              kotlinx.coroutines.channels.BufferedChannel.tryResumeReceiver                            (BufferedChannel.kt:662)                     &#10;                                              kotlinx.coroutines.channels.BufferedChannel.updateCellSend                               (BufferedChannel.kt:478)                     &#10;                                              kotlinx.coroutines.channels.BufferedChannel.access$updateCellSend                        (BufferedChannel.kt:33)                      &#10;                                              kotlinx.coroutines.channels.BufferedChannel.trySend-JP2dKIU                              (BufferedChannel.kt:3360)                    &#10;                                                  com.example.navigator.impl.AppNavigator.navigate                                     (AppNavigator.kt:57)                         &#10;com.example.navigator.impl.AppNavigatorTest$same route after dedupe window goes through$1.invokeSuspend                                (AppNavigatorTest.kt:114)                    &#10;com.example.navigator.impl.AppNavigatorTest$same route after dedupe window goes through$1.invoke                                       (AppNavigatorTest.kt:-1)                     &#10;com.example.navigator.impl.AppNavigatorTest$same route after dedupe window goes through$1.invoke                                       (AppNavigatorTest.kt:-1)                     &#10;                     kotlinx.coroutines.test.TestBuildersKt__TestBuildersKt$runTest$2$1$1.invokeSuspend                                (TestBuilders.kt:318)                        &#10;                                      kotlin.coroutines.jvm.internal.BaseContinuationImpl.resumeWith                                   (ContinuationImpl.kt:33)                     &#10;                                                        kotlinx.coroutines.DispatchedTask.run                                          (DispatchedTask.kt:101)                      &#10;                                                   kotlinx.coroutines.test.TestDispatcher.processEvent$kotlinx_coroutines_test         (TestDispatcher.kt:24)                       &#10;                                           kotlinx.coroutines.test.TestCoroutineScheduler.tryRunNextTaskUnless$kotlinx_coroutines_test (TestCoroutineScheduler.kt:99)               &#10;          kotlinx.coroutines.test.TestBuildersKt__TestBuildersKt$runTest$2$1$workRunner$1.invokeSuspend                                (TestBuilders.kt:327)                        &#10;                                      kotlin.coroutines.jvm.internal.BaseContinuationImpl.resumeWith                                   (ContinuationImpl.kt:33)                     &#10;                                                        kotlinx.coroutines.DispatchedTask.run                                          (DispatchedTask.kt:101)                      &#10;                                                     kotlinx.coroutines.EventLoopImplBase.processNextEvent                             (EventLoop.common.kt:263)                    &#10;                                                     kotlinx.coroutines.BlockingCoroutine.joinBlocking                                 (Builders.kt:95)                             &#10;                                                kotlinx.coroutines.BuildersKt__BuildersKt.runBlocking                                  (Builders.kt:69)                             &#10;                                                            kotlinx.coroutines.BuildersKt.runBlocking                                  (-:1)                                        &#10;                                                kotlinx.coroutines.BuildersKt__BuildersKt.runBlocking$default                          (Builders.kt:47)                             &#10;                                                            kotlinx.coroutines.BuildersKt.runBlocking$default                          (-:1)                                        &#10;                                                kotlinx.coroutines.test.TestBuildersJvmKt.createTestResult                             (TestBuildersJvm.kt:10)                      &#10;                                   kotlinx.coroutines.test.TestBuildersKt__TestBuildersKt.runTest-8Mi8wO0                              (TestBuilders.kt:310)                        &#10;                                                   kotlinx.coroutines.test.TestBuildersKt.runTest-8Mi8wO0                              (-:1)                                        &#10;                                   kotlinx.coroutines.test.TestBuildersKt__TestBuildersKt.runTest-8Mi8wO0                              (TestBuilders.kt:168)                        &#10;                                                   kotlinx.coroutines.test.TestBuildersKt.runTest-8Mi8wO0                              (-:1)                                        &#10;                                   kotlinx.coroutines.test.TestBuildersKt__TestBuildersKt.runTest-8Mi8wO0$default                      (TestBuilders.kt:160)                        &#10;                                                   kotlinx.coroutines.test.TestBuildersKt.runTest-8Mi8wO0$default                      (-:1)                                        &#10;                                              com.example.navigator.impl.AppNavigatorTest.same route after dedupe window goes through  (AppNavigatorTest.kt:113)                    &#10;                                            jdk.internal.reflect.NativeMethodAccessorImpl.invoke0                                      (NativeMethodAccessorImpl.java:-2)N          &#10;                                            jdk.internal.reflect.NativeMethodAccessorImpl.invoke                                       (NativeMethodAccessorImpl.java:77)           &#10;                                        jdk.internal.reflect.DelegatingMethodAccessorImpl.invoke                                       (DelegatingMethodAccessorImpl.java:43)       &#10;                                                                 java.lang.reflect.Method.invoke                                       (Method.java:568)                            &#10;                                                org.junit.runners.model.FrameworkMethod$1.runReflectiveCall                            (FrameworkMethod.java:59)                    &#10;                                      org.junit.internal.runners.model.ReflectiveCallable.run                                          (ReflectiveCallable.java:12)                 &#10;                                                  org.junit.runners.model.FrameworkMethod.invokeExplosively                            (FrameworkMethod.java:56)                    &#10;                                       org.junit.internal.runners.statements.InvokeMethod.evaluate                                     (InvokeMethod.java:17)                       &#10;                                         org.junit.internal.runners.statements.RunBefores.evaluate                                     (RunBefores.java:26)                         &#10;                                                         org.junit.runners.ParentRunner$3.evaluate                                     (ParentRunner.java:306)                      &#10;                                               org.junit.runners.BlockJUnit4ClassRunner$1.evaluate                                     (BlockJUnit4ClassRunner.java:100)            &#10;                                                           org.junit.runners.ParentRunner.runLeaf                                      (ParentRunner.java:366)                      &#10;                                                 org.junit.runners.BlockJUnit4ClassRunner.runChild                                     (BlockJUnit4ClassRunner.java:103)            &#10;                                                 org.junit.runners.BlockJUnit4ClassRunner.runChild                                     (BlockJUnit4ClassRunner.java:63)             &#10;                                                         org.junit.runners.ParentRunner$4.run                                          (ParentRunner.java:331)                      &#10;                                                         org.junit.runners.ParentRunner$1.schedule                                     (ParentRunner.java:79)                       &#10;                                                           org.junit.runners.ParentRunner.runChildren                                  (ParentRunner.java:329)                      &#10;                                                           org.junit.runners.ParentRunner.access$100                                   (ParentRunner.java:66)                       &#10;                                                         org.junit.runners.ParentRunner$2.evaluate                                     (ParentRunner.java:293)                      &#10;                                                         org.junit.runners.ParentRunner$3.evaluate                                     (ParentRunner.java:306)                      &#10;                                                           org.junit.runners.ParentRunner.run                                          (ParentRunner.java:413)                      &#10;                       org.gradle.api.internal.tasks.testing.junit.JUnitTestClassExecutor.runTestClass                                 (JUnitTestClassExecutor.java:112)            &#10;                       org.gradle.api.internal.tasks.testing.junit.JUnitTestClassExecutor.execute                                      (JUnitTestClassExecutor.java:58)             &#10;                       org.gradle.api.internal.tasks.testing.junit.JUnitTestClassExecutor.execute                                      (JUnitTestClassExecutor.java:40)             &#10;              org.gradle.api.internal.tasks.testing.junit.AbstractJUnitTestClassProcessor.processTestClass                             (AbstractJUnitTestClassProcessor.java:54)    &#10;                            org.gradle.api.internal.tasks.testing.SuiteTestClassProcessor.processTestClass                             (SuiteTestClassProcessor.java:53)            &#10;                                            jdk.internal.reflect.NativeMethodAccessorImpl.invoke0                                      (NativeMethodAccessorImpl.java:-2)N          &#10;                                            jdk.internal.reflect.NativeMethodAccessorImpl.invoke                                       (NativeMethodAccessorImpl.java:77)           &#10;                                        jdk.internal.reflect.DelegatingMethodAccessorImpl.invoke                                       (DelegatingMethodAccessorImpl.java:43)       &#10;                                                                 java.lang.reflect.Method.invoke                                       (Method.java:568)                            &#10;                                          org.gradle.internal.dispatch.ReflectionDispatch.dispatch                                     (ReflectionDispatch.java:36)                 &#10;                                          org.gradle.internal.dispatch.ReflectionDispatch.dispatch                                     (ReflectionDispatch.java:24)                 &#10;                                  org.gradle.internal.dispatch.ContextClassLoaderDispatch.dispatch                                     (ContextClassLoaderDispatch.java:33)         &#10;           org.gradle.internal.dispatch.ProxyDispatchAdapter$DispatchingInvocationHandler.invoke                                       (ProxyDispatchAdapter.java:92)               &#10;                                                                       jdk.proxy1.$Proxy4.processTestClass                             (-:-1)                                       &#10;                                org.gradle.api.internal.tasks.testing.worker.TestWorker$2.run                                          (TestWorker.java:183)                        &#10;                                  org.gradle.api.internal.tasks.testing.worker.TestWorker.executeAndMaintainThreadName                 (TestWorker.java:132)                        &#10;                                  org.gradle.api.internal.tasks.testing.worker.TestWorker.execute                                      (TestWorker.java:103)                        &#10;                                  org.gradle.api.internal.tasks.testing.worker.TestWorker.execute                                      (TestWorker.java:63)                         &#10;                           org.gradle.process.internal.worker.child.ActionExecutionWorker.execute                                      (ActionExecutionWorker.java:56)              &#10;              org.gradle.process.internal.worker.child.SystemApplicationClassLoaderWorker.call                                         (SystemApplicationClassLoaderWorker.java:121)&#10;              org.gradle.process.internal.worker.child.SystemApplicationClassLoaderWorker.call                                         (SystemApplicationClassLoaderWorker.java:71) &#10;                               worker.org.gradle.process.internal.worker.GradleWorkerMain.run                                          (GradleWorkerMain.java:69)                   &#10;                               worker.org.gradle.process.internal.worker.GradleWorkerMain.main                                         (GradleWorkerMain.java:74)                   " type="java.lang.AssertionError">java.lang.AssertionError: Verification failed: call 1 of 1: Router(#12).dispatch(any(), any())). One matching call found, but needs at least 2 and at most 2 calls
Call: Router(#12).dispatch(NavCommand(id=ea5e691d, route=Home, source=source, timestampMs=1766630134742), continuation {})
Stack trace:
                                                           io.mockk.impl.InternalPlatform.captureStackTrace                            (InternalPlatform.kt:125)                    
                                                             io.mockk.impl.stub.MockKStub.handleInvocation                             (MockKStub.kt:253)                           
                           io.mockk.impl.instantiation.JvmMockFactoryHelper$mockHandler$1.invocation                                   (JvmMockFactoryHelper.kt:24)                 
                                                    io.mockk.proxy.jvm.advice.Interceptor.call                                         (Interceptor.kt:21)                          
                                                        com.example.navigator.impl.Router.dispatch                                     (Router.kt:28)                               
                                                com.example.navigator.impl.AppNavigator$1.invokeSuspend                                (AppNavigator.kt:37)                         
                                      kotlin.coroutines.jvm.internal.BaseContinuationImpl.resumeWith                                   (ContinuationImpl.kt:33)                     
                                                      kotlinx.coroutines.DispatchedTaskKt.resume                                       (DispatchedTask.kt:221)                      
                                                      kotlinx.coroutines.DispatchedTaskKt.resumeUnconfined                             (DispatchedTask.kt:177)                      
                                                      kotlinx.coroutines.DispatchedTaskKt.dispatch                                     (DispatchedTask.kt:149)                      
                                           kotlinx.coroutines.CancellableContinuationImpl.dispatchResume                               (CancellableContinuationImpl.kt:470)         
                                           kotlinx.coroutines.CancellableContinuationImpl.completeResume                               (CancellableContinuationImpl.kt:591)         
                                            kotlinx.coroutines.channels.BufferedChannelKt.tryResume0                                   (BufferedChannel.kt:2957)                    
                                            kotlinx.coroutines.channels.BufferedChannelKt.access$tryResume0                            (BufferedChannel.kt:1)                       
                      kotlinx.coroutines.channels.BufferedChannel$BufferedChannelIterator.tryResumeHasNext                             (BufferedChannel.kt:1719)                    
                                              kotlinx.coroutines.channels.BufferedChannel.tryResumeReceiver                            (BufferedChannel.kt:662)                     
                                              kotlinx.coroutines.channels.BufferedChannel.updateCellSend                               (BufferedChannel.kt:478)                     
                                              kotlinx.coroutines.channels.BufferedChannel.access$updateCellSend                        (BufferedChannel.kt:33)                      
                                              kotlinx.coroutines.channels.BufferedChannel.trySend-JP2dKIU                              (BufferedChannel.kt:3360)                    
                                                  com.example.navigator.impl.AppNavigator.navigate                                     (AppNavigator.kt:57)                         
com.example.navigator.impl.AppNavigatorTest$same route after dedupe window goes through$1.invokeSuspend                                (AppNavigatorTest.kt:114)                    
com.example.navigator.impl.AppNavigatorTest$same route after dedupe window goes through$1.invoke                                       (AppNavigatorTest.kt:-1)                     
com.example.navigator.impl.AppNavigatorTest$same route after dedupe window goes through$1.invoke                                       (AppNavigatorTest.kt:-1)                     
                     kotlinx.coroutines.test.TestBuildersKt__TestBuildersKt$runTest$2$1$1.invokeSuspend                                (TestBuilders.kt:318)                        
                                      kotlin.coroutines.jvm.internal.BaseContinuationImpl.resumeWith                                   (ContinuationImpl.kt:33)                     
                                                        kotlinx.coroutines.DispatchedTask.run                                          (DispatchedTask.kt:101)                      
                                                   kotlinx.coroutines.test.TestDispatcher.processEvent$kotlinx_coroutines_test         (TestDispatcher.kt:24)                       
                                           kotlinx.coroutines.test.TestCoroutineScheduler.tryRunNextTaskUnless$kotlinx_coroutines_test (TestCoroutineScheduler.kt:99)               
          kotlinx.coroutines.test.TestBuildersKt__TestBuildersKt$runTest$2$1$workRunner$1.invokeSuspend                                (TestBuilders.kt:327)                        
                                      kotlin.coroutines.jvm.internal.BaseContinuationImpl.resumeWith                                   (ContinuationImpl.kt:33)                     
                                                        kotlinx.coroutines.DispatchedTask.run                                          (DispatchedTask.kt:101)                      
                                                     kotlinx.coroutines.EventLoopImplBase.processNextEvent                             (EventLoop.common.kt:263)                    
                                                     kotlinx.coroutines.BlockingCoroutine.joinBlocking                                 (Builders.kt:95)                             
                                                kotlinx.coroutines.BuildersKt__BuildersKt.runBlocking                                  (Builders.kt:69)                             
                                                            kotlinx.coroutines.BuildersKt.runBlocking                                  (-:1)                                        
                                                kotlinx.coroutines.BuildersKt__BuildersKt.runBlocking$default                          (Builders.kt:47)                             
                                                            kotlinx.coroutines.BuildersKt.runBlocking$default                          (-:1)                                        
                                                kotlinx.coroutines.test.TestBuildersJvmKt.createTestResult                             (TestBuildersJvm.kt:10)                      
                                   kotlinx.coroutines.test.TestBuildersKt__TestBuildersKt.runTest-8Mi8wO0                              (TestBuilders.kt:310)                        
                                                   kotlinx.coroutines.test.TestBuildersKt.runTest-8Mi8wO0                              (-:1)                                        
                                   kotlinx.coroutines.test.TestBuildersKt__TestBuildersKt.runTest-8Mi8wO0                              (TestBuilders.kt:168)                        
                                                   kotlinx.coroutines.test.TestBuildersKt.runTest-8Mi8wO0                              (-:1)                                        
                                   kotlinx.coroutines.test.TestBuildersKt__TestBuildersKt.runTest-8Mi8wO0$default                      (TestBuilders.kt:160)                        
                                                   kotlinx.coroutines.test.TestBuildersKt.runTest-8Mi8wO0$default                      (-:1)                                        
                                              com.example.navigator.impl.AppNavigatorTest.same route after dedupe window goes through  (AppNavigatorTest.kt:113)                    
                                            jdk.internal.reflect.NativeMethodAccessorImpl.invoke0                                      (NativeMethodAccessorImpl.java:-2)N          
                                            jdk.internal.reflect.NativeMethodAccessorImpl.invoke                                       (NativeMethodAccessorImpl.java:77)           
                                        jdk.internal.reflect.DelegatingMethodAccessorImpl.invoke                                       (DelegatingMethodAccessorImpl.java:43)       
                                                                 java.lang.reflect.Method.invoke                                       (Method.java:568)                            
                                                org.junit.runners.model.FrameworkMethod$1.runReflectiveCall                            (FrameworkMethod.java:59)                    
                                      org.junit.internal.runners.model.ReflectiveCallable.run                                          (ReflectiveCallable.java:12)                 
                                                  org.junit.runners.model.FrameworkMethod.invokeExplosively                            (FrameworkMethod.java:56)                    
                                       org.junit.internal.runners.statements.InvokeMethod.evaluate                                     (InvokeMethod.java:17)                       
                                         org.junit.internal.runners.statements.RunBefores.evaluate                                     (RunBefores.java:26)                         
                                                         org.junit.runners.ParentRunner$3.evaluate                                     (ParentRunner.java:306)                      
                                               org.junit.runners.BlockJUnit4ClassRunner$1.evaluate                                     (BlockJUnit4ClassRunner.java:100)            
                                                           org.junit.runners.ParentRunner.runLeaf                                      (ParentRunner.java:366)                      
                                                 org.junit.runners.BlockJUnit4ClassRunner.runChild                                     (BlockJUnit4ClassRunner.java:103)            
                                                 org.junit.runners.BlockJUnit4ClassRunner.runChild                                     (BlockJUnit4ClassRunner.java:63)             
                                                         org.junit.runners.ParentRunner$4.run                                          (ParentRunner.java:331)                      
                                                         org.junit.runners.ParentRunner$1.schedule                                     (ParentRunner.java:79)                       
                                                           org.junit.runners.ParentRunner.runChildren                                  (ParentRunner.java:329)                      
                                                           org.junit.runners.ParentRunner.access$100                                   (ParentRunner.java:66)                       
                                                         org.junit.runners.ParentRunner$2.evaluate                                     (ParentRunner.java:293)                      
                                                         org.junit.runners.ParentRunner$3.evaluate                                     (ParentRunner.java:306)                      
                                                           org.junit.runners.ParentRunner.run                                          (ParentRunner.java:413)                      
                       org.gradle.api.internal.tasks.testing.junit.JUnitTestClassExecutor.runTestClass                                 (JUnitTestClassExecutor.java:112)            
                       org.gradle.api.internal.tasks.testing.junit.JUnitTestClassExecutor.execute                                      (JUnitTestClassExecutor.java:58)             
                       org.gradle.api.internal.tasks.testing.junit.JUnitTestClassExecutor.execute                                      (JUnitTestClassExecutor.java:40)             
              org.gradle.api.internal.tasks.testing.junit.AbstractJUnitTestClassProcessor.processTestClass                             (AbstractJUnitTestClassProcessor.java:54)    
                            org.gradle.api.internal.tasks.testing.SuiteTestClassProcessor.processTestClass                             (SuiteTestClassProcessor.java:53)            
                                            jdk.internal.reflect.NativeMethodAccessorImpl.invoke0                                      (NativeMethodAccessorImpl.java:-2)N          
                                            jdk.internal.reflect.NativeMethodAccessorImpl.invoke                                       (NativeMethodAccessorImpl.java:77)           
                                        jdk.internal.reflect.DelegatingMethodAccessorImpl.invoke                                       (DelegatingMethodAccessorImpl.java:43)       
                                                                 java.lang.reflect.Method.invoke                                       (Method.java:568)                            
                                          org.gradle.internal.dispatch.ReflectionDispatch.dispatch                                     (ReflectionDispatch.java:36)                 
                                          org.gradle.internal.dispatch.ReflectionDispatch.dispatch                                     (ReflectionDispatch.java:24)                 
                                  org.gradle.internal.dispatch.ContextClassLoaderDispatch.dispatch                                     (ContextClassLoaderDispatch.java:33)         
           org.gradle.internal.dispatch.ProxyDispatchAdapter$DispatchingInvocationHandler.invoke                                       (ProxyDispatchAdapter.java:92)               
                                                                       jdk.proxy1.$Proxy4.processTestClass                             (-:-1)                                       
                                org.gradle.api.internal.tasks.testing.worker.TestWorker$2.run                                          (TestWorker.java:183)                        
                                  org.gradle.api.internal.tasks.testing.worker.TestWorker.executeAndMaintainThreadName                 (TestWorker.java:132)                        
                                  org.gradle.api.internal.tasks.testing.worker.TestWorker.execute                                      (TestWorker.java:103)                        
                                  org.gradle.api.internal.tasks.testing.worker.TestWorker.execute                                      (TestWorker.java:63)                         
                           org.gradle.process.internal.worker.child.ActionExecutionWorker.execute                                      (ActionExecutionWorker.java:56)              
              org.gradle.process.internal.worker.child.SystemApplicationClassLoaderWorker.call                                         (SystemApplicationClassLoaderWorker.java:121)
              org.gradle.process.internal.worker.child.SystemApplicationClassLoaderWorker.call                                         (SystemApplicationClassLoaderWorker.java:71) 
                               worker.org.gradle.process.internal.worker.GradleWorkerMain.run                                          (GradleWorkerMain.java:69)                   
                               worker.org.gradle.process.internal.worker.GradleWorkerMain.main                                         (GradleWorkerMain.java:74)                   
	at io.mockk.impl.recording.states.VerifyingState.failIfNotPassed(VerifyingState.kt:63)
	at io.mockk.impl.recording.states.VerifyingState.recordingDone(VerifyingState.kt:42)
	at io.mockk.impl.recording.CommonCallRecorder.done(CommonCallRecorder.kt:47)
	at io.mockk.impl.eval.RecordedBlockEvaluator.record(RecordedBlockEvaluator.kt:63)
	at io.mockk.impl.eval.VerifyBlockEvaluator.verify(VerifyBlockEvaluator.kt:30)
	at io.mockk.MockKDsl.internalCoVerify(API.kt:145)
	at io.mockk.MockKKt.coVerify(MockK.kt:244)
	at io.mockk.MockKKt.coVerify$default(MockK.kt:235)
	at com.example.navigator.impl.AppNavigatorTest$same route after dedupe window goes through$1.invokeSuspend(AppNavigatorTest.kt:119)
	at kotlin.coroutines.jvm.internal.BaseContinuationImpl.resumeWith(ContinuationImpl.kt:33)
	at kotlinx.coroutines.DispatchedTaskKt.resume(DispatchedTask.kt:221)
	at kotlinx.coroutines.DispatchedTaskKt.dispatch(DispatchedTask.kt:154)
	at kotlinx.coroutines.CancellableContinuationImpl.dispatchResume(CancellableContinuationImpl.kt:470)
	at kotlinx.coroutines.CancellableContinuationImpl.resumeImpl$kotlinx_coroutines_core(CancellableContinuationImpl.kt:504)
	at kotlinx.coroutines.CancellableContinuationImpl.resumeImpl$kotlinx_coroutines_core$default(CancellableContinuationImpl.kt:493)
	at kotlinx.coroutines.CancellableContinuationImpl.resumeUndispatched(CancellableContinuationImpl.kt:596)
	at kotlinx.coroutines.test.CancellableContinuationRunnable.run(TestDispatcher.kt:60)
	at kotlinx.coroutines.test.TestDispatcher.processEvent$kotlinx_coroutines_test(TestDispatcher.kt:24)
	at kotlinx.coroutines.test.TestCoroutineScheduler.tryRunNextTaskUnless$kotlinx_coroutines_test(TestCoroutineScheduler.kt:99)
	at kotlinx.coroutines.test.TestBuildersKt__TestBuildersKt$runTest$2$1$workRunner$1.invokeSuspend(TestBuilders.kt:327)
	at kotlin.coroutines.jvm.internal.BaseContinuationImpl.resumeWith(ContinuationImpl.kt:33)
	at kotlinx.coroutines.DispatchedTask.run(DispatchedTask.kt:101)
	at kotlinx.coroutines.EventLoopImplBase.processNextEvent(EventLoop.common.kt:263)
	at kotlinx.coroutines.BlockingCoroutine.joinBlocking(Builders.kt:95)
	at kotlinx.coroutines.BuildersKt__BuildersKt.runBlocking(Builders.kt:69)
	at kotlinx.coroutines.BuildersKt.runBlocking(Unknown Source)
	at kotlinx.coroutines.BuildersKt__BuildersKt.runBlocking$default(Builders.kt:47)
	at kotlinx.coroutines.BuildersKt.runBlocking$default(Unknown Source)
	at kotlinx.coroutines.test.TestBuildersJvmKt.createTestResult(TestBuildersJvm.kt:10)
	at kotlinx.coroutines.test.TestBuildersKt__TestBuildersKt.runTest-8Mi8wO0(TestBuilders.kt:310)
	at kotlinx.coroutines.test.TestBuildersKt.runTest-8Mi8wO0(Unknown Source)
	at kotlinx.coroutines.test.TestBuildersKt__TestBuildersKt.runTest-8Mi8wO0(TestBuilders.kt:168)
	at kotlinx.coroutines.test.TestBuildersKt.runTest-8Mi8wO0(Unknown Source)
	at kotlinx.coroutines.test.TestBuildersKt__TestBuildersKt.runTest-8Mi8wO0$default(TestBuilders.kt:160)
	at kotlinx.coroutines.test.TestBuildersKt.runTest-8Mi8wO0$default(Unknown Source)
	at com.example.navigator.impl.AppNavigatorTest.same route after dedupe window goes through(AppNavigatorTest.kt:113)
	at java.base/jdk.internal.reflect.NativeMethodAccessorImpl.invoke0(Native Method)
	at java.base/jdk.internal.reflect.NativeMethodAccessorImpl.invoke(NativeMethodAccessorImpl.java:77)
	at java.base/jdk.internal.reflect.DelegatingMethodAccessorImpl.invoke(DelegatingMethodAccessorImpl.java:43)
	at java.base/java.lang.reflect.Method.invoke(Method.java:568)
	at org.junit.runners.model.FrameworkMethod$1.runReflectiveCall(FrameworkMethod.java:59)
	at org.junit.internal.runners.model.ReflectiveCallable.run(ReflectiveCallable.java:12)
	at org.junit.runners.model.FrameworkMethod.invokeExplosively(FrameworkMethod.java:56)
	at org.junit.internal.runners.statements.InvokeMethod.evaluate(InvokeMethod.java:17)
	at org.junit.internal.runners.statements.RunBefores.evaluate(RunBefores.java:26)
	at org.junit.runners.ParentRunner$3.evaluate(ParentRunner.java:306)
	at org.junit.runners.BlockJUnit4ClassRunner$1.evaluate(BlockJUnit4ClassRunner.java:100)
	at org.junit.runners.ParentRunner.runLeaf(ParentRunner.java:366)
	at org.junit.runners.BlockJUnit4ClassRunner.runChild(BlockJUnit4ClassRunner.java:103)
	at org.junit.runners.BlockJUnit4ClassRunner.runChild(BlockJUnit4ClassRunner.java:63)
	at org.junit.runners.ParentRunner$4.run(ParentRunner.java:331)
	at org.junit.runners.ParentRunner$1.schedule(ParentRunner.java:79)
	at org.junit.runners.ParentRunner.runChildren(ParentRunner.java:329)
	at org.junit.runners.ParentRunner.access$100(ParentRunner.java:66)
	at org.junit.runners.ParentRunner$2.evaluate(ParentRunner.java:293)
	at org.junit.runners.ParentRunner$3.evaluate(ParentRunner.java:306)
	at org.junit.runners.ParentRunner.run(ParentRunner.java:413)
	at org.gradle.api.internal.tasks.testing.junit.JUnitTestClassExecutor.runTestClass(JUnitTestClassExecutor.java:112)
	at org.gradle.api.internal.tasks.testing.junit.JUnitTestClassExecutor.execute(JUnitTestClassExecutor.java:58)
	at org.gradle.api.internal.tasks.testing.junit.JUnitTestClassExecutor.execute(JUnitTestClassExecutor.java:40)
	at org.gradle.api.internal.tasks.testing.junit.AbstractJUnitTestClassProcessor.processTestClass(AbstractJUnitTestClassProcessor.java:54)
	at org.gradle.api.internal.tasks.testing.SuiteTestClassProcessor.processTestClass(SuiteTestClassProcessor.java:53)
	at java.base/jdk.internal.reflect.NativeMethodAccessorImpl.invoke0(Native Method)
	at java.base/jdk.internal.reflect.NativeMethodAccessorImpl.invoke(NativeMethodAccessorImpl.java:77)
	at java.base/jdk.internal.reflect.DelegatingMethodAccessorImpl.invoke(DelegatingMethodAccessorImpl.java:43)
	at java.base/java.lang.reflect.Method.invoke(Method.java:568)
	at org.gradle.internal.dispatch.ReflectionDispatch.dispatch(ReflectionDispatch.java:36)
	at org.gradle.internal.dispatch.ReflectionDispatch.dispatch(ReflectionDispatch.java:24)
	at org.gradle.internal.dispatch.ContextClassLoaderDispatch.dispatch(ContextClassLoaderDispatch.java:33)
	at org.gradle.internal.dispatch.ProxyDispatchAdapter$DispatchingInvocationHandler.invoke(ProxyDispatchAdapter.java:92)
	at jdk.proxy1/jdk.proxy1.$Proxy4.processTestClass(Unknown Source)
	at org.gradle.api.internal.tasks.testing.worker.TestWorker$2.run(TestWorker.java:183)
	at org.gradle.api.internal.tasks.testing.worker.TestWorker.executeAndMaintainThreadName(TestWorker.java:132)
	at org.gradle.api.internal.tasks.testing.worker.TestWorker.execute(TestWorker.java:103)
	at org.gradle.api.internal.tasks.testing.worker.TestWorker.execute(TestWorker.java:63)
	at org.gradle.process.internal.worker.child.ActionExecutionWorker.execute(ActionExecutionWorker.java:56)
	at org.gradle.process.internal.worker.child.SystemApplicationClassLoaderWorker.call(SystemApplicationClassLoaderWorker.java:121)
	at org.gradle.process.internal.worker.child.SystemApplicationClassLoaderWorker.call(SystemApplicationClassLoaderWorker.java:71)
	at worker.org.gradle.process.internal.worker.GradleWorkerMain.run(GradleWorkerMain.java:69)
	at worker.org.gradle.process.internal.worker.GradleWorkerMain.main(GradleWorkerMain.java:74)
</failure>
  </testcase>
  <testcase name="navigate logs queued event" classname="com.example.navigator.impl.AppNavigatorTest" time="0.007">
    <failure message="java.lang.AssertionError: Verification failed: call 1 of 1: NavLogger(#20).onQueued(matcher&lt;NavCommand&gt;(), matcher&lt;DestinationSpec&gt;())). Only one matching call to NavLogger(#20)/onQueued(NavCommand, DestinationSpec) happened, but arguments are not matching:&#10;[0]: argument: NavCommand(id=07001b44, route=Home, source=test, timestampMs=1766630134760), matcher: matcher&lt;NavCommand&gt;(), result: +&#10;[1]: argument: DestinationSpec(host=FRAGMENT, name=Details), matcher: matcher&lt;DestinationSpec&gt;(), result: -&#10;&#10;Stack trace:&#10;                                                 io.mockk.impl.InternalPlatform.captureStackTrace                            (InternalPlatform.kt:125)                    &#10;                                                   io.mockk.impl.stub.MockKStub.handleInvocation                             (MockKStub.kt:253)                           &#10;                 io.mockk.impl.instantiation.JvmMockFactoryHelper$mockHandler$1.invocation                                   (JvmMockFactoryHelper.kt:24)                 &#10;                                          io.mockk.proxy.jvm.advice.Interceptor.call                                         (Interceptor.kt:21)                          &#10;                                           io.mockk.proxy.jvm.advice.BaseAdvice.handle                                       (BaseAdvice.kt:42)                           &#10;                         io.mockk.proxy.jvm.advice.jvm.JvmMockKProxyInterceptor.interceptNoSuper                             (JvmMockKProxyInterceptor.java:45)           &#10;                                  com.example.navigator.api.NavLogger$Subclass1.onQueued                                     (-:-1)                                       &#10;                                        com.example.navigator.impl.AppNavigator.navigate                                     (AppNavigator.kt:56)                         &#10;       com.example.navigator.impl.AppNavigatorTest$navigate logs queued event$1.invokeSuspend                                (AppNavigatorTest.kt:70)                     &#10;       com.example.navigator.impl.AppNavigatorTest$navigate logs queued event$1.invoke                                       (AppNavigatorTest.kt:-1)                     &#10;       com.example.navigator.impl.AppNavigatorTest$navigate logs queued event$1.invoke                                       (AppNavigatorTest.kt:-1)                     &#10;           kotlinx.coroutines.test.TestBuildersKt__TestBuildersKt$runTest$2$1$1.invokeSuspend                                (TestBuilders.kt:318)                        &#10;                            kotlin.coroutines.jvm.internal.BaseContinuationImpl.resumeWith                                   (ContinuationImpl.kt:33)                     &#10;                                              kotlinx.coroutines.DispatchedTask.run                                          (DispatchedTask.kt:101)                      &#10;                                         kotlinx.coroutines.test.TestDispatcher.processEvent$kotlinx_coroutines_test         (TestDispatcher.kt:24)                       &#10;                                 kotlinx.coroutines.test.TestCoroutineScheduler.tryRunNextTaskUnless$kotlinx_coroutines_test (TestCoroutineScheduler.kt:99)               &#10;kotlinx.coroutines.test.TestBuildersKt__TestBuildersKt$runTest$2$1$workRunner$1.invokeSuspend                                (TestBuilders.kt:327)                        &#10;                            kotlin.coroutines.jvm.internal.BaseContinuationImpl.resumeWith                                   (ContinuationImpl.kt:33)                     &#10;                                              kotlinx.coroutines.DispatchedTask.run                                          (DispatchedTask.kt:101)                      &#10;                                           kotlinx.coroutines.EventLoopImplBase.processNextEvent                             (EventLoop.common.kt:263)                    &#10;                                           kotlinx.coroutines.BlockingCoroutine.joinBlocking                                 (Builders.kt:95)                             &#10;                                      kotlinx.coroutines.BuildersKt__BuildersKt.runBlocking                                  (Builders.kt:69)                             &#10;                                                  kotlinx.coroutines.BuildersKt.runBlocking                                  (-:1)                                        &#10;                                      kotlinx.coroutines.BuildersKt__BuildersKt.runBlocking$default                          (Builders.kt:47)                             &#10;                                                  kotlinx.coroutines.BuildersKt.runBlocking$default                          (-:1)                                        &#10;                                      kotlinx.coroutines.test.TestBuildersJvmKt.createTestResult                             (TestBuildersJvm.kt:10)                      &#10;                         kotlinx.coroutines.test.TestBuildersKt__TestBuildersKt.runTest-8Mi8wO0                              (TestBuilders.kt:310)                        &#10;                                         kotlinx.coroutines.test.TestBuildersKt.runTest-8Mi8wO0                              (-:1)                                        &#10;                         kotlinx.coroutines.test.TestBuildersKt__TestBuildersKt.runTest-8Mi8wO0                              (TestBuilders.kt:168)                        &#10;                                         kotlinx.coroutines.test.TestBuildersKt.runTest-8Mi8wO0                              (-:1)                                        &#10;                         kotlinx.coroutines.test.TestBuildersKt__TestBuildersKt.runTest-8Mi8wO0$default                      (TestBuilders.kt:160)                        &#10;                                         kotlinx.coroutines.test.TestBuildersKt.runTest-8Mi8wO0$default                      (-:1)                                        &#10;                                    com.example.navigator.impl.AppNavigatorTest.navigate logs queued event                   (AppNavigatorTest.kt:69)                     &#10;                                  jdk.internal.reflect.NativeMethodAccessorImpl.invoke0                                      (NativeMethodAccessorImpl.java:-2)N          &#10;                                  jdk.internal.reflect.NativeMethodAccessorImpl.invoke                                       (NativeMethodAccessorImpl.java:77)           &#10;                              jdk.internal.reflect.DelegatingMethodAccessorImpl.invoke                                       (DelegatingMethodAccessorImpl.java:43)       &#10;                                                       java.lang.reflect.Method.invoke                                       (Method.java:568)                            &#10;                                      org.junit.runners.model.FrameworkMethod$1.runReflectiveCall                            (FrameworkMethod.java:59)                    &#10;                            org.junit.internal.runners.model.ReflectiveCallable.run                                          (ReflectiveCallable.java:12)                 &#10;                                        org.junit.runners.model.FrameworkMethod.invokeExplosively                            (FrameworkMethod.java:56)                    &#10;                             org.junit.internal.runners.statements.InvokeMethod.evaluate                                     (InvokeMethod.java:17)                       &#10;                               org.junit.internal.runners.statements.RunBefores.evaluate                                     (RunBefores.java:26)                         &#10;                                               org.junit.runners.ParentRunner$3.evaluate                                     (ParentRunner.java:306)                      &#10;                                     org.junit.runners.BlockJUnit4ClassRunner$1.evaluate                                     (BlockJUnit4ClassRunner.java:100)            &#10;                                                 org.junit.runners.ParentRunner.runLeaf                                      (ParentRunner.java:366)                      &#10;                                       org.junit.runners.BlockJUnit4ClassRunner.runChild                                     (BlockJUnit4ClassRunner.java:103)            &#10;                                       org.junit.runners.BlockJUnit4ClassRunner.runChild                                     (BlockJUnit4ClassRunner.java:63)             &#10;                                               org.junit.runners.ParentRunner$4.run                                          (ParentRunner.java:331)                      &#10;                                               org.junit.runners.ParentRunner$1.schedule                                     (ParentRunner.java:79)                       &#10;                                                 org.junit.runners.ParentRunner.runChildren                                  (ParentRunner.java:329)                      &#10;                                                 org.junit.runners.ParentRunner.access$100                                   (ParentRunner.java:66)                       &#10;                                               org.junit.runners.ParentRunner$2.evaluate                                     (ParentRunner.java:293)                      &#10;                                               org.junit.runners.ParentRunner$3.evaluate                                     (ParentRunner.java:306)                      &#10;                                                 org.junit.runners.ParentRunner.run                                          (ParentRunner.java:413)                      &#10;             org.gradle.api.internal.tasks.testing.junit.JUnitTestClassExecutor.runTestClass                                 (JUnitTestClassExecutor.java:112)            &#10;             org.gradle.api.internal.tasks.testing.junit.JUnitTestClassExecutor.execute                                      (JUnitTestClassExecutor.java:58)             &#10;             org.gradle.api.internal.tasks.testing.junit.JUnitTestClassExecutor.execute                                      (JUnitTestClassExecutor.java:40)             &#10;    org.gradle.api.internal.tasks.testing.junit.AbstractJUnitTestClassProcessor.processTestClass                             (AbstractJUnitTestClassProcessor.java:54)    &#10;                  org.gradle.api.internal.tasks.testing.SuiteTestClassProcessor.processTestClass                             (SuiteTestClassProcessor.java:53)            &#10;                                  jdk.internal.reflect.NativeMethodAccessorImpl.invoke0                                      (NativeMethodAccessorImpl.java:-2)N          &#10;                                  jdk.internal.reflect.NativeMethodAccessorImpl.invoke                                       (NativeMethodAccessorImpl.java:77)           &#10;                              jdk.internal.reflect.DelegatingMethodAccessorImpl.invoke                                       (DelegatingMethodAccessorImpl.java:43)       &#10;                                                       java.lang.reflect.Method.invoke                                       (Method.java:568)                            &#10;                                org.gradle.internal.dispatch.ReflectionDispatch.dispatch                                     (ReflectionDispatch.java:36)                 &#10;                                org.gradle.internal.dispatch.ReflectionDispatch.dispatch                                     (ReflectionDispatch.java:24)                 &#10;                        org.gradle.internal.dispatch.ContextClassLoaderDispatch.dispatch                                     (ContextClassLoaderDispatch.java:33)         &#10; org.gradle.internal.dispatch.ProxyDispatchAdapter$DispatchingInvocationHandler.invoke                                       (ProxyDispatchAdapter.java:92)               &#10;                                                             jdk.proxy1.$Proxy4.processTestClass                             (-:-1)                                       &#10;                      org.gradle.api.internal.tasks.testing.worker.TestWorker$2.run                                          (TestWorker.java:183)                        &#10;                        org.gradle.api.internal.tasks.testing.worker.TestWorker.executeAndMaintainThreadName                 (TestWorker.java:132)                        &#10;                        org.gradle.api.internal.tasks.testing.worker.TestWorker.execute                                      (TestWorker.java:103)                        &#10;                        org.gradle.api.internal.tasks.testing.worker.TestWorker.execute                                      (TestWorker.java:63)                         &#10;                 org.gradle.process.internal.worker.child.ActionExecutionWorker.execute                                      (ActionExecutionWorker.java:56)              &#10;    org.gradle.process.internal.worker.child.SystemApplicationClassLoaderWorker.call                                         (SystemApplicationClassLoaderWorker.java:121)&#10;    org.gradle.process.internal.worker.child.SystemApplicationClassLoaderWorker.call                                         (SystemApplicationClassLoaderWorker.java:71) &#10;                     worker.org.gradle.process.internal.worker.GradleWorkerMain.run                                          (GradleWorkerMain.java:69)                   &#10;                     worker.org.gradle.process.internal.worker.GradleWorkerMain.main                                         (GradleWorkerMain.java:74)                   " type="java.lang.AssertionError">java.lang.AssertionError: Verification failed: call 1 of 1: NavLogger(#20).onQueued(matcher&lt;NavCommand&gt;(), matcher&lt;DestinationSpec&gt;())). Only one matching call to NavLogger(#20)/onQueued(NavCommand, DestinationSpec) happened, but arguments are not matching:
[0]: argument: NavCommand(id=07001b44, route=Home, source=test, timestampMs=1766630134760), matcher: matcher&lt;NavCommand&gt;(), result: +
[1]: argument: DestinationSpec(host=FRAGMENT, name=Details), matcher: matcher&lt;DestinationSpec&gt;(), result: -

Stack trace:
                                                 io.mockk.impl.InternalPlatform.captureStackTrace                            (InternalPlatform.kt:125)                    
                                                   io.mockk.impl.stub.MockKStub.handleInvocation                             (MockKStub.kt:253)                           
                 io.mockk.impl.instantiation.JvmMockFactoryHelper$mockHandler$1.invocation                                   (JvmMockFactoryHelper.kt:24)                 
                                          io.mockk.proxy.jvm.advice.Interceptor.call                                         (Interceptor.kt:21)                          
                                           io.mockk.proxy.jvm.advice.BaseAdvice.handle                                       (BaseAdvice.kt:42)                           
                         io.mockk.proxy.jvm.advice.jvm.JvmMockKProxyInterceptor.interceptNoSuper                             (JvmMockKProxyInterceptor.java:45)           
                                  com.example.navigator.api.NavLogger$Subclass1.onQueued                                     (-:-1)                                       
                                        com.example.navigator.impl.AppNavigator.navigate                                     (AppNavigator.kt:56)                         
       com.example.navigator.impl.AppNavigatorTest$navigate logs queued event$1.invokeSuspend                                (AppNavigatorTest.kt:70)                     
       com.example.navigator.impl.AppNavigatorTest$navigate logs queued event$1.invoke                                       (AppNavigatorTest.kt:-1)                     
       com.example.navigator.impl.AppNavigatorTest$navigate logs queued event$1.invoke                                       (AppNavigatorTest.kt:-1)                     
           kotlinx.coroutines.test.TestBuildersKt__TestBuildersKt$runTest$2$1$1.invokeSuspend                                (TestBuilders.kt:318)                        
                            kotlin.coroutines.jvm.internal.BaseContinuationImpl.resumeWith                                   (ContinuationImpl.kt:33)                     
                                              kotlinx.coroutines.DispatchedTask.run                                          (DispatchedTask.kt:101)                      
                                         kotlinx.coroutines.test.TestDispatcher.processEvent$kotlinx_coroutines_test         (TestDispatcher.kt:24)                       
                                 kotlinx.coroutines.test.TestCoroutineScheduler.tryRunNextTaskUnless$kotlinx_coroutines_test (TestCoroutineScheduler.kt:99)               
kotlinx.coroutines.test.TestBuildersKt__TestBuildersKt$runTest$2$1$workRunner$1.invokeSuspend                                (TestBuilders.kt:327)                        
                            kotlin.coroutines.jvm.internal.BaseContinuationImpl.resumeWith                                   (ContinuationImpl.kt:33)                     
                                              kotlinx.coroutines.DispatchedTask.run                                          (DispatchedTask.kt:101)                      
                                           kotlinx.coroutines.EventLoopImplBase.processNextEvent                             (EventLoop.common.kt:263)                    
                                           kotlinx.coroutines.BlockingCoroutine.joinBlocking                                 (Builders.kt:95)                             
                                      kotlinx.coroutines.BuildersKt__BuildersKt.runBlocking                                  (Builders.kt:69)                             
                                                  kotlinx.coroutines.BuildersKt.runBlocking                                  (-:1)                                        
                                      kotlinx.coroutines.BuildersKt__BuildersKt.runBlocking$default                          (Builders.kt:47)                             
                                                  kotlinx.coroutines.BuildersKt.runBlocking$default                          (-:1)                                        
                                      kotlinx.coroutines.test.TestBuildersJvmKt.createTestResult                             (TestBuildersJvm.kt:10)                      
                         kotlinx.coroutines.test.TestBuildersKt__TestBuildersKt.runTest-8Mi8wO0                              (TestBuilders.kt:310)                        
                                         kotlinx.coroutines.test.TestBuildersKt.runTest-8Mi8wO0                              (-:1)                                        
                         kotlinx.coroutines.test.TestBuildersKt__TestBuildersKt.runTest-8Mi8wO0                              (TestBuilders.kt:168)                        
                                         kotlinx.coroutines.test.TestBuildersKt.runTest-8Mi8wO0                              (-:1)                                        
                         kotlinx.coroutines.test.TestBuildersKt__TestBuildersKt.runTest-8Mi8wO0$default                      (TestBuilders.kt:160)                        
                                         kotlinx.coroutines.test.TestBuildersKt.runTest-8Mi8wO0$default                      (-:1)                                        
                                    com.example.navigator.impl.AppNavigatorTest.navigate logs queued event                   (AppNavigatorTest.kt:69)                     
                                  jdk.internal.reflect.NativeMethodAccessorImpl.invoke0                                      (NativeMethodAccessorImpl.java:-2)N          
                                  jdk.internal.reflect.NativeMethodAccessorImpl.invoke                                       (NativeMethodAccessorImpl.java:77)           
                              jdk.internal.reflect.DelegatingMethodAccessorImpl.invoke                                       (DelegatingMethodAccessorImpl.java:43)       
                                                       java.lang.reflect.Method.invoke                                       (Method.java:568)                            
                                      org.junit.runners.model.FrameworkMethod$1.runReflectiveCall                            (FrameworkMethod.java:59)                    
                            org.junit.internal.runners.model.ReflectiveCallable.run                                          (ReflectiveCallable.java:12)                 
                                        org.junit.runners.model.FrameworkMethod.invokeExplosively                            (FrameworkMethod.java:56)                    
                             org.junit.internal.runners.statements.InvokeMethod.evaluate                                     (InvokeMethod.java:17)                       
                               org.junit.internal.runners.statements.RunBefores.evaluate                                     (RunBefores.java:26)                         
                                               org.junit.runners.ParentRunner$3.evaluate                                     (ParentRunner.java:306)                      
                                     org.junit.runners.BlockJUnit4ClassRunner$1.evaluate                                     (BlockJUnit4ClassRunner.java:100)            
                                                 org.junit.runners.ParentRunner.runLeaf                                      (ParentRunner.java:366)                      
                                       org.junit.runners.BlockJUnit4ClassRunner.runChild                                     (BlockJUnit4ClassRunner.java:103)            
                                       org.junit.runners.BlockJUnit4ClassRunner.runChild                                     (BlockJUnit4ClassRunner.java:63)             
                                               org.junit.runners.ParentRunner$4.run                                          (ParentRunner.java:331)                      
                                               org.junit.runners.ParentRunner$1.schedule                                     (ParentRunner.java:79)                       
                                                 org.junit.runners.ParentRunner.runChildren                                  (ParentRunner.java:329)                      
                                                 org.junit.runners.ParentRunner.access$100                                   (ParentRunner.java:66)                       
                                               org.junit.runners.ParentRunner$2.evaluate                                     (ParentRunner.java:293)                      
                                               org.junit.runners.ParentRunner$3.evaluate                                     (ParentRunner.java:306)                      
                                                 org.junit.runners.ParentRunner.run                                          (ParentRunner.java:413)                      
             org.gradle.api.internal.tasks.testing.junit.JUnitTestClassExecutor.runTestClass                                 (JUnitTestClassExecutor.java:112)            
             org.gradle.api.internal.tasks.testing.junit.JUnitTestClassExecutor.execute                                      (JUnitTestClassExecutor.java:58)             
             org.gradle.api.internal.tasks.testing.junit.JUnitTestClassExecutor.execute                                      (JUnitTestClassExecutor.java:40)             
    org.gradle.api.internal.tasks.testing.junit.AbstractJUnitTestClassProcessor.processTestClass                             (AbstractJUnitTestClassProcessor.java:54)    
                  org.gradle.api.internal.tasks.testing.SuiteTestClassProcessor.processTestClass                             (SuiteTestClassProcessor.java:53)            
                                  jdk.internal.reflect.NativeMethodAccessorImpl.invoke0                                      (NativeMethodAccessorImpl.java:-2)N          
                                  jdk.internal.reflect.NativeMethodAccessorImpl.invoke                                       (NativeMethodAccessorImpl.java:77)           
                              jdk.internal.reflect.DelegatingMethodAccessorImpl.invoke                                       (DelegatingMethodAccessorImpl.java:43)       
                                                       java.lang.reflect.Method.invoke                                       (Method.java:568)                            
                                org.gradle.internal.dispatch.ReflectionDispatch.dispatch                                     (ReflectionDispatch.java:36)                 
                                org.gradle.internal.dispatch.ReflectionDispatch.dispatch                                     (ReflectionDispatch.java:24)                 
                        org.gradle.internal.dispatch.ContextClassLoaderDispatch.dispatch                                     (ContextClassLoaderDispatch.java:33)         
 org.gradle.internal.dispatch.ProxyDispatchAdapter$DispatchingInvocationHandler.invoke                                       (ProxyDispatchAdapter.java:92)               
                                                             jdk.proxy1.$Proxy4.processTestClass                             (-:-1)                                       
                      org.gradle.api.internal.tasks.testing.worker.TestWorker$2.run                                          (TestWorker.java:183)                        
                        org.gradle.api.internal.tasks.testing.worker.TestWorker.executeAndMaintainThreadName                 (TestWorker.java:132)                        
                        org.gradle.api.internal.tasks.testing.worker.TestWorker.execute                                      (TestWorker.java:103)                        
                        org.gradle.api.internal.tasks.testing.worker.TestWorker.execute                                      (TestWorker.java:63)                         
                 org.gradle.process.internal.worker.child.ActionExecutionWorker.execute                                      (ActionExecutionWorker.java:56)              
    org.gradle.process.internal.worker.child.SystemApplicationClassLoaderWorker.call                                         (SystemApplicationClassLoaderWorker.java:121)
    org.gradle.process.internal.worker.child.SystemApplicationClassLoaderWorker.call                                         (SystemApplicationClassLoaderWorker.java:71) 
                     worker.org.gradle.process.internal.worker.GradleWorkerMain.run                                          (GradleWorkerMain.java:69)                   
                     worker.org.gradle.process.internal.worker.GradleWorkerMain.main                                         (GradleWorkerMain.java:74)                   
	at io.mockk.impl.recording.states.VerifyingState.failIfNotPassed(VerifyingState.kt:63)
	at io.mockk.impl.recording.states.VerifyingState.recordingDone(VerifyingState.kt:42)
	at io.mockk.impl.recording.CommonCallRecorder.done(CommonCallRecorder.kt:47)
	at io.mockk.impl.eval.RecordedBlockEvaluator.record(RecordedBlockEvaluator.kt:63)
	at io.mockk.impl.eval.VerifyBlockEvaluator.verify(VerifyBlockEvaluator.kt:30)
	at io.mockk.MockKDsl.internalVerify(API.kt:120)
	at io.mockk.MockKKt.verify(MockK.kt:218)
	at io.mockk.MockKKt.verify$default(MockK.kt:209)
	at com.example.navigator.impl.AppNavigatorTest$navigate logs queued event$1.invokeSuspend(AppNavigatorTest.kt:72)
	at com.example.navigator.impl.AppNavigatorTest$navigate logs queued event$1.invoke(AppNavigatorTest.kt)
	at com.example.navigator.impl.AppNavigatorTest$navigate logs queued event$1.invoke(AppNavigatorTest.kt)
	at kotlinx.coroutines.test.TestBuildersKt__TestBuildersKt$runTest$2$1$1.invokeSuspend(TestBuilders.kt:318)
	at kotlin.coroutines.jvm.internal.BaseContinuationImpl.resumeWith(ContinuationImpl.kt:33)
	at kotlinx.coroutines.DispatchedTask.run(DispatchedTask.kt:101)
	at kotlinx.coroutines.test.TestDispatcher.processEvent$kotlinx_coroutines_test(TestDispatcher.kt:24)
	at kotlinx.coroutines.test.TestCoroutineScheduler.tryRunNextTaskUnless$kotlinx_coroutines_test(TestCoroutineScheduler.kt:99)
	at kotlinx.coroutines.test.TestBuildersKt__TestBuildersKt$runTest$2$1$workRunner$1.invokeSuspend(TestBuilders.kt:327)
	at kotlin.coroutines.jvm.internal.BaseContinuationImpl.resumeWith(ContinuationImpl.kt:33)
	at kotlinx.coroutines.DispatchedTask.run(DispatchedTask.kt:101)
	at kotlinx.coroutines.EventLoopImplBase.processNextEvent(EventLoop.common.kt:263)
	at kotlinx.coroutines.BlockingCoroutine.joinBlocking(Builders.kt:95)
	at kotlinx.coroutines.BuildersKt__BuildersKt.runBlocking(Builders.kt:69)
	at kotlinx.coroutines.BuildersKt.runBlocking(Unknown Source)
	at kotlinx.coroutines.BuildersKt__BuildersKt.runBlocking$default(Builders.kt:47)
	at kotlinx.coroutines.BuildersKt.runBlocking$default(Unknown Source)
	at kotlinx.coroutines.test.TestBuildersJvmKt.createTestResult(TestBuildersJvm.kt:10)
	at kotlinx.coroutines.test.TestBuildersKt__TestBuildersKt.runTest-8Mi8wO0(TestBuilders.kt:310)
	at kotlinx.coroutines.test.TestBuildersKt.runTest-8Mi8wO0(Unknown Source)
	at kotlinx.coroutines.test.TestBuildersKt__TestBuildersKt.runTest-8Mi8wO0(TestBuilders.kt:168)
	at kotlinx.coroutines.test.TestBuildersKt.runTest-8Mi8wO0(Unknown Source)
	at kotlinx.coroutines.test.TestBuildersKt__TestBuildersKt.runTest-8Mi8wO0$default(TestBuilders.kt:160)
	at kotlinx.coroutines.test.TestBuildersKt.runTest-8Mi8wO0$default(Unknown Source)
	at com.example.navigator.impl.AppNavigatorTest.navigate logs queued event(AppNavigatorTest.kt:69)
	at java.base/jdk.internal.reflect.NativeMethodAccessorImpl.invoke0(Native Method)
	at java.base/jdk.internal.reflect.NativeMethodAccessorImpl.invoke(NativeMethodAccessorImpl.java:77)
	at java.base/jdk.internal.reflect.DelegatingMethodAccessorImpl.invoke(DelegatingMethodAccessorImpl.java:43)
	at java.base/java.lang.reflect.Method.invoke(Method.java:568)
	at org.junit.runners.model.FrameworkMethod$1.runReflectiveCall(FrameworkMethod.java:59)
	at org.junit.internal.runners.model.ReflectiveCallable.run(ReflectiveCallable.java:12)
	at org.junit.runners.model.FrameworkMethod.invokeExplosively(FrameworkMethod.java:56)
	at org.junit.internal.runners.statements.InvokeMethod.evaluate(InvokeMethod.java:17)
	at org.junit.internal.runners.statements.RunBefores.evaluate(RunBefores.java:26)
	at org.junit.runners.ParentRunner$3.evaluate(ParentRunner.java:306)
	at org.junit.runners.BlockJUnit4ClassRunner$1.evaluate(BlockJUnit4ClassRunner.java:100)
	at org.junit.runners.ParentRunner.runLeaf(ParentRunner.java:366)
	at org.junit.runners.BlockJUnit4ClassRunner.runChild(BlockJUnit4ClassRunner.java:103)
	at org.junit.runners.BlockJUnit4ClassRunner.runChild(BlockJUnit4ClassRunner.java:63)
	at org.junit.runners.ParentRunner$4.run(ParentRunner.java:331)
	at org.junit.runners.ParentRunner$1.schedule(ParentRunner.java:79)
	at org.junit.runners.ParentRunner.runChildren(ParentRunner.java:329)
	at org.junit.runners.ParentRunner.access$100(ParentRunner.java:66)
	at org.junit.runners.ParentRunner$2.evaluate(ParentRunner.java:293)
	at org.junit.runners.ParentRunner$3.evaluate(ParentRunner.java:306)
	at org.junit.runners.ParentRunner.run(ParentRunner.java:413)
	at org.gradle.api.internal.tasks.testing.junit.JUnitTestClassExecutor.runTestClass(JUnitTestClassExecutor.java:112)
	at org.gradle.api.internal.tasks.testing.junit.JUnitTestClassExecutor.execute(JUnitTestClassExecutor.java:58)
	at org.gradle.api.internal.tasks.testing.junit.JUnitTestClassExecutor.execute(JUnitTestClassExecutor.java:40)
	at org.gradle.api.internal.tasks.testing.junit.AbstractJUnitTestClassProcessor.processTestClass(AbstractJUnitTestClassProcessor.java:54)
	at org.gradle.api.internal.tasks.testing.SuiteTestClassProcessor.processTestClass(SuiteTestClassProcessor.java:53)
	at java.base/jdk.internal.reflect.NativeMethodAccessorImpl.invoke0(Native Method)
	at java.base/jdk.internal.reflect.NativeMethodAccessorImpl.invoke(NativeMethodAccessorImpl.java:77)
	at java.base/jdk.internal.reflect.DelegatingMethodAccessorImpl.invoke(DelegatingMethodAccessorImpl.java:43)
	at java.base/java.lang.reflect.Method.invoke(Method.java:568)
	at org.gradle.internal.dispatch.ReflectionDispatch.dispatch(ReflectionDispatch.java:36)
	at org.gradle.internal.dispatch.ReflectionDispatch.dispatch(ReflectionDispatch.java:24)
	at org.gradle.internal.dispatch.ContextClassLoaderDispatch.dispatch(ContextClassLoaderDispatch.java:33)
	at org.gradle.internal.dispatch.ProxyDispatchAdapter$DispatchingInvocationHandler.invoke(ProxyDispatchAdapter.java:92)
	at jdk.proxy1/jdk.proxy1.$Proxy4.processTestClass(Unknown Source)
	at org.gradle.api.internal.tasks.testing.worker.TestWorker$2.run(TestWorker.java:183)
	at org.gradle.api.internal.tasks.testing.worker.TestWorker.executeAndMaintainThreadName(TestWorker.java:132)
	at org.gradle.api.internal.tasks.testing.worker.TestWorker.execute(TestWorker.java:103)
	at org.gradle.api.internal.tasks.testing.worker.TestWorker.execute(TestWorker.java:63)
	at org.gradle.process.internal.worker.child.ActionExecutionWorker.execute(ActionExecutionWorker.java:56)
	at org.gradle.process.internal.worker.child.SystemApplicationClassLoaderWorker.call(SystemApplicationClassLoaderWorker.java:121)
	at org.gradle.process.internal.worker.child.SystemApplicationClassLoaderWorker.call(SystemApplicationClassLoaderWorker.java:71)
	at worker.org.gradle.process.internal.worker.GradleWorkerMain.run(GradleWorkerMain.java:69)
	at worker.org.gradle.process.internal.worker.GradleWorkerMain.main(GradleWorkerMain.java:74)
</failure>
  </testcase>
  <testcase name="back navigates with BackRoute" classname="com.example.navigator.impl.AppNavigatorTest" time="0.004"/>
  <testcase name="nav command has unique id" classname="com.example.navigator.impl.AppNavigatorTest" time="0.003"/>
  <testcase name="duplicate navigations within dedupe window are dropped" classname="com.example.navigator.impl.AppNavigatorTest" time="0.003"/>
  <testcase name="navigate calls router dispatch" classname="com.example.navigator.impl.AppNavigatorTest" time="0.003"/>
  <system-out><![CDATA[]]></system-out>
  <system-err><![CDATA[]]></system-err>
</testsuite>
